<?xml version="1.0" encoding="UTF-8"?>
<!-- Generated by org.testng.reporters.JUnitXMLReporter -->
<testsuite ignored="0" hostname="LAPTOP-M03H7N29" failures="0" tests="10" name="Command line test" time="0.035" errors="0" timestamp="2024-11-23T18:00:20 IST">
  <testcase classname="seleniumExamples.TestClass" name="test1" time="0.003"/>
  <testcase classname="seleniumExamples.TestClass" name="test1" time="0.001"/>
  <testcase classname="seleniumExamples.TestClass" name="test1" time="0.0"/>
  <testcase classname="seleniumExamples.TestClass" name="test1" time="0.0"/>
  <testcase classname="seleniumExamples.TestClass" name="test1" time="0.0"/>
  <testcase classname="seleniumExamples.TestClass" name="test2" time="0.0"/>
  <testcase classname="seleniumExamples.TestClass" name="test2" time="0.0"/>
  <testcase classname="seleniumExamples.TestClass" name="test2" time="0.0"/>
  <testcase classname="seleniumExamples.TestClass" name="test2" time="0.0"/>
  <testcase classname="seleniumExamples.TestClass" name="test2" time="0.0"/>
</testsuite> <!-- Command line test -->
