<?xml version="1.0" encoding="UTF-8"?>
<testng-results ignored="0" total="10" passed="10" failed="0" skipped="0">
  <reporter-output>
  </reporter-output>
  <suite started-at="2024-11-23T18:00:19 IST" name="Command line suite" finished-at="2024-11-23T18:00:20 IST" duration-ms="35">
    <groups>
    </groups>
    <test started-at="2024-11-23T18:00:19 IST" name="Command line test" finished-at="2024-11-23T18:00:20 IST" duration-ms="35">
      <class name="seleniumExamples.TestClass">
        <test-method signature="test1()[pri:0, instance:seleniumExamples.TestClass@7a9273a8]" started-at="2024-11-23T18:00:19 IST" name="test1" finished-at="2024-11-23T18:00:19 IST" duration-ms="3" status="PASS">
          <reporter-output>
          </reporter-output>
        </test-method> <!-- test1 -->
        <test-method signature="test1()[pri:0, instance:seleniumExamples.TestClass@7a9273a8]" started-at="2024-11-23T18:00:19 IST" name="test1" finished-at="2024-11-23T18:00:19 IST" duration-ms="1" status="PASS">
          <reporter-output>
          </reporter-output>
        </test-method> <!-- test1 -->
        <test-method signature="test1()[pri:0, instance:seleniumExamples.TestClass@7a9273a8]" started-at="2024-11-23T18:00:19 IST" name="test1" finished-at="2024-11-23T18:00:19 IST" duration-ms="0" status="PASS">
          <reporter-output>
          </reporter-output>
        </test-method> <!-- test1 -->
        <test-method signature="test1()[pri:0, instance:seleniumExamples.TestClass@7a9273a8]" started-at="2024-11-23T18:00:20 IST" name="test1" finished-at="2024-11-23T18:00:20 IST" duration-ms="0" status="PASS">
          <reporter-output>
          </reporter-output>
        </test-method> <!-- test1 -->
        <test-method signature="test1()[pri:0, instance:seleniumExamples.TestClass@7a9273a8]" started-at="2024-11-23T18:00:20 IST" name="test1" finished-at="2024-11-23T18:00:20 IST" duration-ms="0" status="PASS">
          <reporter-output>
          </reporter-output>
        </test-method> <!-- test1 -->
        <test-method signature="test2()[pri:0, instance:seleniumExamples.TestClass@7a9273a8]" started-at="2024-11-23T18:00:20 IST" name="test2" finished-at="2024-11-23T18:00:20 IST" duration-ms="0" status="PASS">
          <reporter-output>
          </reporter-output>
        </test-method> <!-- test2 -->
        <test-method signature="test2()[pri:0, instance:seleniumExamples.TestClass@7a9273a8]" started-at="2024-11-23T18:00:20 IST" name="test2" finished-at="2024-11-23T18:00:20 IST" duration-ms="0" status="PASS">
          <reporter-output>
          </reporter-output>
        </test-method> <!-- test2 -->
        <test-method signature="test2()[pri:0, instance:seleniumExamples.TestClass@7a9273a8]" started-at="2024-11-23T18:00:20 IST" name="test2" finished-at="2024-11-23T18:00:20 IST" duration-ms="0" status="PASS">
          <reporter-output>
          </reporter-output>
        </test-method> <!-- test2 -->
        <test-method signature="test2()[pri:0, instance:seleniumExamples.TestClass@7a9273a8]" started-at="2024-11-23T18:00:20 IST" name="test2" finished-at="2024-11-23T18:00:20 IST" duration-ms="0" status="PASS">
          <reporter-output>
          </reporter-output>
        </test-method> <!-- test2 -->
        <test-method signature="test2()[pri:0, instance:seleniumExamples.TestClass@7a9273a8]" started-at="2024-11-23T18:00:20 IST" name="test2" finished-at="2024-11-23T18:00:20 IST" duration-ms="0" status="PASS">
          <reporter-output>
          </reporter-output>
        </test-method> <!-- test2 -->
      </class> <!-- seleniumExamples.TestClass -->
    </test> <!-- Command line test -->
  </suite> <!-- Command line suite -->
</testng-results>
